[client4] Starting up...
[client4] Connected to Redis.
[client4] Published: 4,14,24
[client4] Published: 4,14.1,24.1
[client4] Published: 4,14.2,24.2
[client4] Published: 4,14.3,24.3
[client4] Published: 4,14.4,24.4
[client4] Published: 4,14.5,24.5
[client4] Published: 4,14.6,24.6
[client4] Published: 4,14.7,24.7
[client4] Published: 4,14.8,24.8
[client4] Published: 4,14.9,24.9
[client4] Published: 4,15,25
[client4] Published: 4,15.1,25.1
[client4] Published: 4,15.2,25.2
[client4] Published: 4,15.3,25.3
[client4] Published: 4,15.4,25.4
[client4] Published: 4,15.5,25.5
[client4] Published: 4,15.6,25.6
[client4] Published: 4,15.7,25.7
[client4] Published: 4,15.8,25.8
[client4] Published: 4,15.9,25.9
[client4] Published: 4,16,26
[client4] Published: 4,16.1,26.1
[client4] Published: 4,16.2,26.2
[client4] Published: 4,16.3,26.3
[client4] Published: 4,16.4,26.4
[client4] Published: 4,16.5,26.5
[client4] Published: 4,16.6,26.6
[client4] Published: 4,16.7,26.7
[client4] Published: 4,16.8,26.8
[client4] Published: 4,16.9,26.9
[client4] Published: 4,17,27
[client4] Published: 4,17.1,27.1
[client4] Published: 4,17.2,27.2
[client4] Published: 4,17.3,27.3
[client4] Published: 4,17.4,27.4
[client4] Published: 4,17.5,27.5
[client4] Published: 4,17.6,27.6
[client4] Published: 4,17.7,27.7
[client4] Published: 4,17.8,27.8
[client4] Published: 4,17.9,27.9
[client4] Published: 4,18,28
[client4] Published: 4,18.1,28.1
[client4] Published: 4,18.2,28.2
[client4] Published: 4,18.3,28.3
[client4] Published: 4,18.4,28.4
[client4] Published: 4,18.5,28.5
[client4] Published: 4,18.6,28.6
[client4] Published: 4,18.7,28.7
[client4] Published: 4,18.8,28.8
[client4] Published: 4,18.9,28.9
[client4] Published: 4,19,29
[client4] Published: 4,19.1,29.1
[client4] Published: 4,19.2,29.2
[client4] Published: 4,19.3,29.3
[client4] Published: 4,19.4,29.4
[client4] Published: 4,19.5,29.5
[client4] Published: 4,19.6,29.6
[client4] Published: 4,19.7,29.7
[client4] Published: 4,19.8,29.8
[client4] Published: 4,19.9,29.9
[client4] Published: 4,20,30
[client4] Published: 4,20.1,30.1
[client4] Published: 4,20.2,30.2
[client4] Published: 4,20.3,30.3
[client4] Published: 4,20.4,30.4
[client4] Published: 4,20.5,30.5
[client4] Published: 4,20.6,30.6
[client4] Published: 4,20.7,30.7
[client4] Published: 4,20.8,30.8
[client4] Published: 4,20.9,30.9
[client4] Published: 4,21,31
[client4] Published: 4,21.1,31.1
[client4] Published: 4,21.2,31.2
[client4] Published: 4,21.3,31.3
[client4] Published: 4,21.4,31.4
[client4] Published: 4,21.5,31.5
[client4] Published: 4,21.6,31.6
[client4] Published: 4,21.7,31.7
[client4] Published: 4,21.8,31.8
[client4] Published: 4,21.9,31.9
[client4] Published: 4,22,32
[client4] Published: 4,22.1,32.1
[client4] Published: 4,22.2,32.2
[client4] Published: 4,22.3,32.3
[client4] Published: 4,22.4,32.4
[client4] Published: 4,22.5,32.5
[client4] Published: 4,22.6,32.6
[client4] Published: 4,22.7,32.7
[client4] Published: 4,22.8,32.8
[client4] Published: 4,22.9,32.9
[client4] Published: 4,23,33
[client4] Published: 4,23.1,33.1
[client4] Published: 4,23.2,33.2
[client4] Published: 4,23.3,33.3
[client4] Published: 4,23.4,33.4
[client4] Published: 4,23.5,33.5
[client4] Published: 4,23.6,33.6
[client4] Published: 4,23.7,33.7
[client4] Published: 4,23.8,33.8
[client4] Published: 4,23.9,33.9
[client4] Published: 4,24,34
[client4] Published: 4,24.1,34.1
[client4] Published: 4,24.2,34.2
[client4] Published: 4,24.3,34.3
[client4] Published: 4,24.4,34.4
[client4] Published: 4,24.5,34.5
[client4] Published: 4,24.6,34.6
[client4] Published: 4,24.7,34.7
[client4] Published: 4,24.8,34.8
[client4] Published: 4,24.9,34.9
[client4] Published: 4,25,35
[client4] Published: 4,25.1,35.1
[client4] Published: 4,25.2,35.2
[client4] Published: 4,25.3,35.3
[client4] Published: 4,25.4,35.4
[client4] Published: 4,25.5,35.5
[client4] Published: 4,25.6,35.6
[client4] Published: 4,25.7,35.7
[client4] Published: 4,25.8,35.8
[client4] Published: 4,25.9,35.9
[client4] Published: 4,26,36
[client4] Published: 4,26.1,36.1
[client4] Published: 4,26.2,36.2
[client4] Published: 4,26.3,36.3
[client4] Published: 4,26.4,36.4
[client4] Published: 4,26.5,36.5
[client4] Published: 4,26.6,36.6
[client4] Published: 4,26.7,36.7
[client4] Published: 4,26.8,36.8
[client4] Published: 4,26.9,36.9
[client4] Published: 4,27,37
[client4] Published: 4,27.1,37.1
[client4] Published: 4,27.2001,37.2
[client4] Published: 4,27.3001,37.2999
[client4] Published: 4,27.4001,37.3999
[client4] Published: 4,27.5001,37.4999
[client4] Published: 4,27.6001,37.5999
[client4] Published: 4,27.7001,37.6999
[client4] Published: 4,27.8001,37.7999
[client4] Published: 4,27.9001,37.8999
[client4] Published: 4,28.0001,37.9999
[client4] Published: 4,28.1001,38.0999
[client4] Published: 4,28.2001,38.1999
[client4] Published: 4,28.3001,38.2999
[client4] Published: 4,28.4001,38.3999
[client4] Published: 4,28.5001,38.4999
[client4] Published: 4,28.6001,38.5999
[client4] Published: 4,28.7001,38.6999
[client4] Published: 4,28.8001,38.7999
[client4] Published: 4,28.9001,38.8999
[client4] Published: 4,29.0001,38.9999
[client4] Published: 4,29.1001,39.0999
[client4] Published: 4,29.2001,39.1999
[client4] Published: 4,29.3001,39.2999
[client4] Published: 4,29.4001,39.3999
[client4] Published: 4,29.5001,39.4999
[client4] Published: 4,29.6001,39.5999
[client4] Published: 4,29.7001,39.6999
[client4] Published: 4,29.8001,39.7999
[client4] Published: 4,29.9001,39.8999
[client4] Published: 4,30.0001,39.9999
[client4] Published: 4,30.1001,40.0999
[client4] Published: 4,30.2001,40.1999
[client4] Published: 4,30.3001,40.2999
[client4] Published: 4,30.4001,40.3999
[client4] Published: 4,30.5001,40.4999
[client4] Published: 4,30.6001,40.5999
[client4] Published: 4,30.7001,40.6999
[client4] Published: 4,30.8001,40.7999
[client4] Published: 4,30.9001,40.8999
[client4] Published: 4,31.0001,40.9999
[client4] Published: 4,31.1001,41.0999
[client4] Published: 4,31.2001,41.1999
[client4] Published: 4,31.3001,41.2999
[client4] Published: 4,31.4001,41.3999
[client4] Published: 4,31.5001,41.4999
[client4] Published: 4,31.6001,41.5999
[client4] Published: 4,31.7001,41.6999
[client4] Published: 4,31.8001,41.7999
[client4] Published: 4,31.9001,41.8999
[client4] Published: 4,32.0001,41.9999
[client4] Published: 4,32.1001,42.0999
[client4] Published: 4,32.2001,42.1999
[client4] Published: 4,32.3001,42.2999
[client4] Published: 4,32.4001,42.3999
[client4] Published: 4,32.5001,42.4999
[client4] Published: 4,32.6001,42.5999
[client4] Published: 4,32.7001,42.6999
[client4] Published: 4,32.8001,42.7999
[client4] Published: 4,32.9001,42.8999
[client4] Published: 4,33.0001,42.9999
[client4] Published: 4,33.1001,43.0999
[client4] Published: 4,33.2001,43.1999
[client4] Published: 4,33.3,43.2999
[client4] Published: 4,33.4,43.3999
[client4] Published: 4,33.5,43.4999
[client4] Published: 4,33.6,43.5999
[client4] Published: 4,33.7,43.6999
[client4] Published: 4,33.8,43.7999
[client4] Published: 4,33.9,43.8998
[client4] Published: 4,34,43.9998
[client4] Published: 4,34.1,44.0998
[client4] Published: 4,34.2,44.1998
[client4] Published: 4,34.3,44.2998
[client4] Published: 4,34.4,44.3998
[client4] Published: 4,34.5,44.4998
[client4] Published: 4,34.6,44.5998
[client4] Published: 4,34.7,44.6998
[client4] Published: 4,34.8,44.7998
[client4] Published: 4,34.9,44.8998
[client4] Published: 4,35,44.9998
[client4] Published: 4,35.1,45.0998
[client4] Published: 4,35.2,45.1998
[client4] Published: 4,35.3,45.2998
[client4] Published: 4,35.4,45.3998
[client4] Published: 4,35.5,45.4998
[client4] Published: 4,35.6,45.5998
[client4] Published: 4,35.7,45.6998
[client4] Published: 4,35.8,45.7998
[client4] Published: 4,35.9,45.8998
[client4] Published: 4,36,45.9998
[client4] Published: 4,36.1,46.0998
[client4] Published: 4,36.2,46.1998
[client4] Published: 4,36.3,46.2998
[client4] Published: 4,36.4,46.3998
[client4] Published: 4,36.5,46.4998
[client4] Published: 4,36.6,46.5998
[client4] Published: 4,36.7,46.6998
[client4] Published: 4,36.8,46.7998
[client4] Published: 4,36.9,46.8998
[client4] Published: 4,37,46.9998
[client4] Published: 4,37.1,47.0998
[client4] Published: 4,37.2,47.1998
[client4] Published: 4,37.3,47.2998
[client4] Published: 4,37.4,47.3998
[client4] Published: 4,37.5,47.4998
[client4] Published: 4,37.6,47.5998
[client4] Published: 4,37.7,47.6998
[client4] Published: 4,37.8,47.7998
[client4] Published: 4,37.9,47.8998
[client4] Published: 4,38,47.9998
[client4] Published: 4,38.1,48.0998
[client4] Published: 4,38.2,48.1998
[client4] Published: 4,38.3,48.2998
[client4] Published: 4,38.4,48.3998
[client4] Published: 4,38.5,48.4998
[client4] Published: 4,38.6,48.5998
[client4] Published: 4,38.7,48.6998
[client4] Published: 4,38.8,48.7998
[client4] Published: 4,38.9,48.8998
[client4] Published: 4,39,48.9998
[client4] Published: 4,39.1,49.0998
[client4] Published: 4,39.2,49.1998
[client4] Published: 4,39.3,49.2998
[client4] Published: 4,39.4,49.3998
[client4] Published: 4,39.5,49.4998
[client4] Published: 4,39.6,49.5998
[client4] Published: 4,39.7,49.6998
[client4] Published: 4,39.7999,49.7998
[client4] Published: 4,39.8999,49.8998
[client4] Published: 4,39.9999,49.9998
[client4] Published: 4,40.0999,50.0998
[client4] Published: 4,40.1999,50.1998
[client4] Published: 4,40.2999,50.2998
[client4] Published: 4,40.3999,50.3997
[client4] Published: 4,40.4999,50.4997
[client4] Published: 4,40.5999,50.5997
[client4] Published: 4,40.6999,50.6997
[client4] Published: 4,40.7999,50.7997
[client4] Published: 4,40.8999,50.8997
[client4] Published: 4,40.9999,50.9997
[client4] Published: 4,41.0999,51.0997
[client4] Published: 4,41.1999,51.1997
[client4] Published: 4,41.2999,51.2997
[client4] Published: 4,41.3999,51.3997
[client4] Published: 4,41.4999,51.4997
[client4] Published: 4,41.5999,51.5997
[client4] Published: 4,41.6999,51.6997
[client4] Published: 4,41.7999,51.7997
[client4] Published: 4,41.8999,51.8997
[client4] Published: 4,41.9999,51.9997
[client4] Published: 4,42.0999,52.0997
[client4] Published: 4,42.1999,52.1997
[client4] Published: 4,42.2999,52.2997
[client4] Published: 4,42.3999,52.3997
[client4] Published: 4,42.4999,52.4997
[client4] Published: 4,42.5999,52.5997
[client4] Published: 4,42.6999,52.6997
[client4] Published: 4,42.7999,52.7997
[client4] Published: 4,42.8999,52.8997
[client4] Published: 4,42.9999,52.9997
[client4] Published: 4,43.0999,53.0997
[client4] Published: 4,43.1999,53.1997
[client4] Published: 4,43.2999,53.2997
[client4] Published: 4,43.3999,53.3997
[client4] Published: 4,43.4999,53.4997
[client4] Published: 4,43.5999,53.5997
[client4] Published: 4,43.6999,53.6997
[client4] Published: 4,43.7999,53.7997
[client4] Published: 4,43.8999,53.8997
[client4] Published: 4,43.9999,53.9997
[client4] Published: 4,44.0999,54.0997
[client4] Published: 4,44.1999,54.1997
[client4] Published: 4,44.2999,54.2997
[client4] Published: 4,44.3999,54.3997
[client4] Published: 4,44.4999,54.4997
[client4] Published: 4,44.5999,54.5997
[client4] Published: 4,44.6999,54.6997
[client4] Published: 4,44.7999,54.7997
[client4] Published: 4,44.8999,54.8997
[client4] Published: 4,44.9999,54.9997
[client4] Published: 4,45.0999,55.0997
[client4] Published: 4,45.1999,55.1997
[client4] Published: 4,45.2999,55.2997
[client4] Published: 4,45.3999,55.3997
[client4] Published: 4,45.4999,55.4997
[client4] Published: 4,45.5999,55.5997
[client4] Published: 4,45.6999,55.6997
[client4] Published: 4,45.7999,55.7997
[client4] Published: 4,45.8999,55.8997
[client4] Published: 4,45.9999,55.9997
[client4] Published: 4,46.0999,56.0997
[client4] Published: 4,46.1999,56.1997
[client4] Published: 4,46.2999,56.2997
[client4] Published: 4,46.3998,56.3997
[client4] Published: 4,46.4998,56.4997
[client4] Published: 4,46.5998,56.5997
[client4] Published: 4,46.6998,56.6997
[client4] Published: 4,46.7998,56.7997
[client4] Published: 4,46.8998,56.8997
[client4] Published: 4,46.9998,56.9996
[client4] Published: 4,47.0998,57.0996
[client4] Published: 4,47.1998,57.1996
[client4] Published: 4,47.2998,57.2996
[client4] Published: 4,47.3998,57.3996
[client4] Published: 4,47.4998,57.4996
[client4] Published: 4,47.5998,57.5996
[client4] Published: 4,47.6998,57.6996
[client4] Published: 4,47.7998,57.7996
[client4] Published: 4,47.8998,57.8996
[client4] Published: 4,47.9998,57.9996
[client4] Published: 4,48.0998,58.0996
[client4] Published: 4,48.1998,58.1996
[client4] Published: 4,48.2998,58.2996
[client4] Published: 4,48.3998,58.3996
[client4] Published: 4,48.4998,58.4996
[client4] Published: 4,48.5998,58.5996
[client4] Published: 4,48.6998,58.6996
[client4] Published: 4,48.7998,58.7996
[client4] Published: 4,48.8998,58.8996
[client4] Published: 4,48.9998,58.9996
[client4] Published: 4,49.0998,59.0996
[client4] Published: 4,49.1998,59.1996
[client4] Published: 4,49.2998,59.2996
[client4] Published: 4,49.3998,59.3996
[client4] Published: 4,49.4998,59.4996
[client4] Published: 4,49.5998,59.5996
[client4] Published: 4,49.6998,59.6996
[client4] Published: 4,49.7998,59.7996
[client4] Published: 4,49.8998,59.8996
[client4] Published: 4,49.9998,59.9996
[client4] Published: 4,50.0998,60.0996
[client4] Published: 4,50.1998,60.1996
[client4] Published: 4,50.2998,60.2996
[client4] Published: 4,50.3998,60.3996
[client4] Published: 4,50.4998,60.4996
[client4] Published: 4,50.5998,60.5996
[client4] Published: 4,50.6998,60.6996
[client4] Published: 4,50.7998,60.7996
[client4] Published: 4,50.8998,60.8996
[client4] Published: 4,50.9998,60.9996
[client4] Published: 4,51.0998,61.0996
[client4] Published: 4,51.1998,61.1996
[client4] Published: 4,51.2998,61.2996
[client4] Published: 4,51.3998,61.3996
[client4] Published: 4,51.4998,61.4996
[client4] Published: 4,51.5998,61.5996
[client4] Published: 4,51.6998,61.6996
[client4] Published: 4,51.7998,61.7996
[client4] Published: 4,51.8998,61.8996
[client4] Published: 4,51.9998,61.9996
[client4] Published: 4,52.0998,62.0996
[client4] Published: 4,52.1998,62.1996
[client4] Published: 4,52.2998,62.2996
[client4] Published: 4,52.3998,62.3996
[client4] Published: 4,52.4998,62.4996
[client4] Published: 4,52.5998,62.5996
[client4] Published: 4,52.6998,62.6996
[client4] Published: 4,52.7998,62.7996
[client4] Published: 4,52.8997,62.8996
[client4] Published: 4,52.9997,62.9996
[client4] Published: 4,53.0997,63.0996
[client4] Published: 4,53.1997,63.1996
[client4] Published: 4,53.2997,63.2996
[client4] Published: 4,53.3997,63.3996
[client4] Published: 4,53.4997,63.4995
[client4] Published: 4,53.5997,63.5995
[client4] Published: 4,53.6997,63.6995
[client4] Published: 4,53.7997,63.7995
[client4] Published: 4,53.8997,63.8995
[client4] Published: 4,53.9997,63.9995
[client4] Published: 4,54.0997,64.0995
[client4] Published: 4,54.1997,64.1995
[client4] Published: 4,54.2997,64.2995
[client4] Published: 4,54.3997,64.3995
[client4] Published: 4,54.4997,64.4995
[client4] Published: 4,54.5997,64.5995
[client4] Published: 4,54.6997,64.6995
[client4] Published: 4,54.7997,64.7995
[client4] Published: 4,54.8997,64.8995
[client4] Published: 4,54.9997,64.9995
[client4] Published: 4,55.0997,65.0995
[client4] Published: 4,55.1997,65.1995
[client4] Published: 4,55.2997,65.2995
[client4] Published: 4,55.3997,65.3995
[client4] Published: 4,55.4997,65.4995
[client4] Published: 4,55.5997,65.5995
[client4] Published: 4,55.6997,65.6995
[client4] Published: 4,55.7997,65.7995
[client4] Published: 4,55.8997,65.8995
[client4] Published: 4,55.9997,65.9995
[client4] Published: 4,56.0997,66.0995
[client4] Published: 4,56.1997,66.1995
[client4] Published: 4,56.2997,66.2995
[client4] Published: 4,56.3997,66.3995
[client4] Published: 4,56.4997,66.4995
[client4] Published: 4,56.5997,66.5995
[client4] Published: 4,56.6997,66.6995
[client4] Published: 4,56.7997,66.7995
[client4] Published: 4,56.8997,66.8995
[client4] Published: 4,56.9997,66.9995
[client4] Published: 4,57.0997,67.0995
[client4] Published: 4,57.1997,67.1995
[client4] Published: 4,57.2997,67.2995
[client4] Published: 4,57.3997,67.3995
[client4] Published: 4,57.4997,67.4995
[client4] Published: 4,57.5997,67.5995
[client4] Published: 4,57.6997,67.6995
[client4] Published: 4,57.7997,67.7995
[client4] Published: 4,57.8997,67.8995
[client4] Published: 4,57.9997,67.9995
[client4] Published: 4,58.0997,68.0995
[client4] Published: 4,58.1997,68.1995
[client4] Published: 4,58.2997,68.2995
[client4] Published: 4,58.3997,68.3995
[client4] Published: 4,58.4997,68.4995
[client4] Published: 4,58.5997,68.5995
[client4] Published: 4,58.6997,68.6995
[client4] Published: 4,58.7997,68.7995
[client4] Published: 4,58.8997,68.8995
[client4] Published: 4,58.9997,68.9995
[client4] Published: 4,59.0997,69.0995
[client4] Published: 4,59.1997,69.1995
[client4] Published: 4,59.2997,69.2995
[client4] Published: 4,59.3997,69.3995
[client4] Published: 4,59.4996,69.4995
[client4] Published: 4,59.5996,69.5995
[client4] Published: 4,59.6996,69.6995
[client4] Published: 4,59.7996,69.7995
[client4] Published: 4,59.8996,69.8995
[client4] Published: 4,59.9996,69.9995
[client4] Published: 4,60.0996,70.0994
[client4] Published: 4,60.1996,70.1994
[client4] Published: 4,60.2996,70.2994
[client4] Published: 4,60.3996,70.3994
[client4] Published: 4,60.4996,70.4994
[client4] Published: 4,60.5996,70.5994
[client4] Published: 4,60.6996,70.6994
[client4] Published: 4,60.7996,70.7994
[client4] Published: 4,60.8996,70.8994
[client4] Published: 4,60.9996,70.9994
[client4] Published: 4,61.0996,71.0994
[client4] Published: 4,61.1996,71.1994
[client4] Published: 4,61.2996,71.2994
[client4] Published: 4,61.3996,71.3994
[client4] Published: 4,61.4996,71.4994
[client4] Published: 4,61.5996,71.5994
[client4] Published: 4,61.6996,71.6994
[client4] Published: 4,61.7996,71.7994
[client4] Published: 4,61.8996,71.8994
[client4] Published: 4,61.9996,71.9994
[client4] Published: 4,62.0996,72.0994
[client4] Published: 4,62.1996,72.1994
[client4] Published: 4,62.2996,72.2994
[client4] Published: 4,62.3996,72.3994
[client4] Published: 4,62.4996,72.4994
[client4] Published: 4,62.5996,72.5994
[client4] Published: 4,62.6996,72.6994
[client4] Published: 4,62.7996,72.7994
[client4] Published: 4,62.8996,72.8994
[client4] Published: 4,62.9996,72.9994
[client4] Published: 4,63.0996,73.0994
[client4] Published: 4,63.1996,73.1994
[client4] Published: 4,63.2996,73.2994
[client4] Published: 4,63.3996,73.3994
[client4] Published: 4,63.4996,73.4994
[client4] Published: 4,63.5996,73.5994
[client4] Published: 4,63.6996,73.6994
[client4] Published: 4,63.7996,73.7994
[client4] Published: 4,63.8996,73.8994
[client4] Published: 4,63.9996,73.9994
[client4] Published: 4,64.0996,74.0994
[client4] Published: 4,64.1996,74.1994
[client4] Published: 4,64.2996,74.2994
[client4] Published: 4,64.3996,74.3994
[client4] Published: 4,64.4996,74.4994
[client4] Published: 4,64.5996,74.5994
[client4] Published: 4,64.6996,74.6994
[client4] Published: 4,64.7996,74.7994
[client4] Published: 4,64.8996,74.8994
[client4] Published: 4,64.9996,74.9994
[client4] Published: 4,65.0996,75.0994
[client4] Published: 4,65.1996,75.1994
[client4] Published: 4,65.2996,75.2994
[client4] Published: 4,65.3996,75.3994
[client4] Published: 4,65.4996,75.4994
[client4] Published: 4,65.5996,75.5994
[client4] Published: 4,65.6996,75.6994
[client4] Published: 4,65.7996,75.7994
[client4] Published: 4,65.8996,75.8994
[client4] Published: 4,65.9995,75.9994
[client4] Published: 4,66.0995,76.0994
[client4] Published: 4,66.1995,76.1994
[client4] Published: 4,66.2995,76.2994
[client4] Published: 4,66.3995,76.3994
[client4] Published: 4,66.4995,76.4994
[client4] Published: 4,66.5995,76.5993
[client4] Published: 4,66.6995,76.6993
[client4] Published: 4,66.7995,76.7993
[client4] Published: 4,66.8995,76.8993
[client4] Published: 4,66.9995,76.9993
[client4] Published: 4,67.0995,77.0993
[client4] Published: 4,67.1995,77.1993
[client4] Published: 4,67.2995,77.2993
[client4] Published: 4,67.3995,77.3993
[client4] Published: 4,67.4995,77.4993
[client4] Published: 4,67.5995,77.5993
[client4] Published: 4,67.6995,77.6993
[client4] Published: 4,67.7995,77.7993
[client4] Published: 4,67.8995,77.8993
[client4] Published: 4,67.9995,77.9993
[client4] Published: 4,68.0995,78.0993
[client4] Published: 4,68.1995,78.1993
[client4] Published: 4,68.2995,78.2993
[client4] Published: 4,68.3995,78.3993
[client4] Published: 4,68.4995,78.4993
[client4] Published: 4,68.5995,78.5993
[client4] Published: 4,68.6995,78.6993
[client4] Published: 4,68.7995,78.7993
[client4] Published: 4,68.8995,78.8993
[client4] Published: 4,68.9995,78.9993
[client4] Published: 4,69.0995,79.0993
[client4] Published: 4,69.1995,79.1993
[client4] Published: 4,69.2995,79.2993
[client4] Published: 4,69.3995,79.3993
[client4] Published: 4,69.4995,79.4993
[client4] Published: 4,69.5995,79.5993
[client4] Published: 4,69.6995,79.6993
[client4] Published: 4,69.7995,79.7993
[client4] Published: 4,69.8995,79.8993
[client4] Published: 4,69.9995,79.9993
[client4] Published: 4,70.0995,80.0993
[client4] Published: 4,70.1995,80.1993
[client4] Published: 4,70.2995,80.2993
[client4] Published: 4,70.3995,80.3993
[client4] Published: 4,70.4995,80.4993
[client4] Published: 4,70.5995,80.5993
[client4] Published: 4,70.6995,80.6993
[client4] Published: 4,70.7995,80.7993
[client4] Published: 4,70.8995,80.8993
[client4] Published: 4,70.9995,80.9993
[client4] Published: 4,71.0995,81.0993
[client4] Published: 4,71.1995,81.1993
[client4] Published: 4,71.2995,81.2993
[client4] Published: 4,71.3995,81.3993
[client4] Published: 4,71.4995,81.4993
[client4] Published: 4,71.5995,81.5993
[client4] Published: 4,71.6995,81.6993
[client4] Published: 4,71.7995,81.7993
[client4] Published: 4,71.8995,81.8993
[client4] Published: 4,71.9995,81.9993
[client4] Published: 4,72.0995,82.0993
[client4] Published: 4,72.1995,82.1993
[client4] Published: 4,72.2995,82.2993
[client4] Published: 4,72.3995,82.3993
[client4] Published: 4,72.4995,82.4993
[client4] Published: 4,72.5994,82.5993
[client4] Published: 4,72.6994,82.6993
[client4] Published: 4,72.7994,82.7993
[client4] Published: 4,72.8994,82.8993
[client4] Published: 4,72.9994,82.9993
[client4] Published: 4,73.0994,83.0993
[client4] Published: 4,73.1994,83.1992
[client4] Published: 4,73.2994,83.2992
[client4] Published: 4,73.3994,83.3992
[client4] Published: 4,73.4994,83.4992
[client4] Published: 4,73.5994,83.5992
[client4] Published: 4,73.6994,83.6992
[client4] Published: 4,73.7994,83.7992
[client4] Published: 4,73.8994,83.8992
[client4] Published: 4,73.9994,83.9992
[client4] Published: 4,74.0994,84.0992
[client4] Published: 4,74.1994,84.1992
[client4] Published: 4,74.2994,84.2992
[client4] Published: 4,74.3994,84.3992
[client4] Published: 4,74.4994,84.4992
[client4] Published: 4,74.5994,84.5992
[client4] Published: 4,74.6994,84.6992
[client4] Published: 4,74.7994,84.7992
[client4] Published: 4,74.8994,84.8992
[client4] Published: 4,74.9994,84.9992
[client4] Published: 4,75.0994,85.0992
[client4] Published: 4,75.1994,85.1992
[client4] Published: 4,75.2994,85.2992
[client4] Published: 4,75.3994,85.3992
[client4] Published: 4,75.4994,85.4992
[client4] Published: 4,75.5994,85.5992
[client4] Published: 4,75.6994,85.6992
[client4] Published: 4,75.7994,85.7992
[client4] Published: 4,75.8994,85.8992
[client4] Published: 4,75.9994,85.9992
[client4] Published: 4,76.0994,86.0992
[client4] Published: 4,76.1994,86.1992
[client4] Published: 4,76.2994,86.2992
[client4] Published: 4,76.3994,86.3992
[client4] Published: 4,76.4994,86.4992
[client4] Published: 4,76.5994,86.5992
[client4] Published: 4,76.6994,86.6992
[client4] Published: 4,76.7994,86.7992
[client4] Published: 4,76.8994,86.8992
[client4] Published: 4,76.9994,86.9992
[client4] Published: 4,77.0994,87.0992
[client4] Published: 4,77.1994,87.1992
[client4] Published: 4,77.2994,87.2992
[client4] Published: 4,77.3994,87.3992
[client4] Published: 4,77.4994,87.4992
[client4] Published: 4,77.5994,87.5992
[client4] Published: 4,77.6994,87.6992
[client4] Published: 4,77.7994,87.7992
[client4] Published: 4,77.8994,87.8992
[client4] Published: 4,77.9994,87.9992
[client4] Published: 4,78.0994,88.0992
[client4] Published: 4,78.1994,88.1992
[client4] Published: 4,78.2994,88.2992
[client4] Published: 4,78.3994,88.3992
[client4] Published: 4,78.4994,88.4992
[client4] Published: 4,78.5994,88.5992
[client4] Published: 4,78.6994,88.6992
[client4] Published: 4,78.7994,88.7992
[client4] Published: 4,78.8994,88.8992
[client4] Published: 4,78.9994,88.9992
[client4] Published: 4,79.0993,89.0992
[client4] Published: 4,79.1993,89.1992
[client4] Published: 4,79.2993,89.2992
[client4] Published: 4,79.3993,89.3992
[client4] Published: 4,79.4993,89.4992
[client4] Published: 4,79.5993,89.5992
[client4] Published: 4,79.6993,89.6992
[client4] Published: 4,79.7993,89.7991
[client4] Published: 4,79.8993,89.8991
[client4] Published: 4,79.9993,89.9991
[client4] Published: 4,80.0993,90.0991
[client4] Published: 4,80.1993,90.1991
[client4] Published: 4,80.2993,90.2991
[client4] Published: 4,80.3993,90.3991
[client4] Published: 4,80.4993,90.4991
[client4] Published: 4,80.5993,90.5991
[client4] Published: 4,80.6993,90.6991
[client4] Published: 4,80.7993,90.7991
[client4] Published: 4,80.8993,90.8991
[client4] Published: 4,80.9993,90.9991
[client4] Published: 4,81.0993,91.0991
[client4] Published: 4,81.1993,91.1991
[client4] Published: 4,81.2993,91.2991
[client4] Published: 4,81.3993,91.3991
[client4] Published: 4,81.4993,91.4991
[client4] Published: 4,81.5993,91.5991
[client4] Published: 4,81.6993,91.6991
[client4] Published: 4,81.7993,91.7991
[client4] Published: 4,81.8993,91.8991
[client4] Published: 4,81.9993,91.9991
[client4] Published: 4,82.0993,92.0991
[client4] Published: 4,82.1993,92.1991
[client4] Published: 4,82.2993,92.2991
[client4] Published: 4,82.3993,92.3991
[client4] Published: 4,82.4993,92.4991
[client4] Published: 4,82.5993,92.5991
[client4] Published: 4,82.6993,92.6991
[client4] Published: 4,82.7993,92.7991
[client4] Published: 4,82.8993,92.8991
[client4] Published: 4,82.9993,92.9991
[client4] Published: 4,83.0993,93.0991
[client4] Published: 4,83.1993,93.1991
[client4] Published: 4,83.2993,93.2991
[client4] Published: 4,83.3993,93.3991
[client4] Published: 4,83.4993,93.4991
[client4] Published: 4,83.5993,93.5991
[client4] Published: 4,83.6993,93.6991
[client4] Published: 4,83.7993,93.7991
[client4] Published: 4,83.8993,93.8991
[client4] Published: 4,83.9993,93.9991
[client4] Published: 4,84.0993,94.0991
[client4] Published: 4,84.1993,94.1991
[client4] Published: 4,84.2993,94.2991
[client4] Published: 4,84.3993,94.3991
[client4] Published: 4,84.4993,94.4991
[client4] Published: 4,84.5993,94.5991
[client4] Published: 4,84.6993,94.6991
[client4] Published: 4,84.7993,94.7991
[client4] Published: 4,84.8993,94.8991
[client4] Published: 4,84.9993,94.9991
[client4] Published: 4,85.0993,95.0991
[client4] Published: 4,85.1993,95.1991
[client4] Published: 4,85.2993,95.2991
[client4] Published: 4,85.3993,95.3991
[client4] Published: 4,85.4993,95.4991
[client4] Published: 4,85.5993,95.5991
[client4] Published: 4,85.6992,95.6991
[client4] Published: 4,85.7992,95.7991
[client4] Published: 4,85.8992,95.8991
[client4] Published: 4,85.9992,95.9991
[client4] Published: 4,86.0992,96.0991
[client4] Published: 4,86.1992,96.1991
[client4] Published: 4,86.2992,96.299
[client4] Published: 4,86.3992,96.399
[client4] Published: 4,86.4992,96.499
[client4] Published: 4,86.5992,96.599
[client4] Published: 4,86.6992,96.699
[client4] Published: 4,86.7992,96.799
[client4] Published: 4,86.8992,96.899
[client4] Published: 4,86.9992,96.999
[client4] Published: 4,87.0992,97.099
[client4] Published: 4,87.1992,97.199
[client4] Published: 4,87.2992,97.299
[client4] Published: 4,87.3992,97.399
[client4] Published: 4,87.4992,97.499
[client4] Published: 4,87.5992,97.599
[client4] Published: 4,87.6992,97.699
[client4] Published: 4,87.7992,97.799
[client4] Published: 4,87.8992,97.899
[client4] Published: 4,87.9992,97.999
[client4] Published: 4,88.0992,98.099
[client4] Published: 4,88.1992,98.199
[client4] Published: 4,88.2992,98.299
[client4] Published: 4,88.3992,98.399
[client4] Published: 4,88.4992,98.499
[client4] Published: 4,88.5992,98.599
[client4] Published: 4,88.6992,98.699
[client4] Published: 4,88.7992,98.799
[client4] Published: 4,88.8992,98.899
[client4] Published: 4,88.9992,98.999
[client4] Published: 4,89.0992,99.099
[client4] Published: 4,89.1992,99.199
[client4] Published: 4,89.2992,99.299
[client4] Published: 4,89.3992,99.399
[client4] Published: 4,89.4992,99.499
[client4] Published: 4,89.5992,99.599
[client4] Published: 4,89.6992,99.699
[client4] Published: 4,89.7992,99.799
[client4] Published: 4,89.8992,99.899
[client4] Published: 4,89.9992,99.999
[client4] Published: 4,90.0992,100.099
[client4] Published: 4,90.1992,100.199
[client4] Published: 4,90.2992,100.299
[client4] Published: 4,90.3992,100.399
[client4] Published: 4,90.4992,100.499
[client4] Published: 4,90.5992,100.599
[client4] Published: 4,90.6992,100.699
[client4] Published: 4,90.7992,100.799
[client4] Published: 4,90.8992,100.899
[client4] Published: 4,90.9992,100.999
[client4] Published: 4,91.0992,101.099
[client4] Published: 4,91.1992,101.199
[client4] Published: 4,91.2992,101.299
[client4] Published: 4,91.3992,101.399
[client4] Published: 4,91.4992,101.499
[client4] Published: 4,91.5992,101.599
[client4] Published: 4,91.6992,101.699
[client4] Published: 4,91.7992,101.799
[client4] Published: 4,91.8992,101.899
[client4] Published: 4,91.9992,101.999
[client4] Published: 4,92.0992,102.099
[client4] Published: 4,92.1992,102.199
[client4] Published: 4,92.2991,102.299
[client4] Published: 4,92.3991,102.399
[client4] Published: 4,92.4991,102.499
[client4] Published: 4,92.5991,102.599
[client4] Published: 4,92.6991,102.699
[client4] Published: 4,92.7991,102.799
[client4] Published: 4,92.8991,102.899
[client4] Published: 4,92.9991,102.999
[client4] Published: 4,93.0991,103.099
[client4] Published: 4,93.1991,103.199
[client4] Published: 4,93.2991,103.299
[client4] Published: 4,93.3991,103.399
[client4] Published: 4,93.4991,103.499
[client4] Published: 4,93.5991,103.599
[client4] Published: 4,93.6991,103.699
[client4] Published: 4,93.7991,103.799
[client4] Published: 4,93.8991,103.899
[client4] Published: 4,93.9991,103.999
[client4] Published: 4,94.0991,104.099
[client4] Published: 4,94.1991,104.199
[client4] Published: 4,94.2991,104.299
[client4] Published: 4,94.3991,104.399
[client4] Published: 4,94.4991,104.499
[client4] Published: 4,94.5991,104.599
[client4] Published: 4,94.6991,104.699
[client4] Published: 4,94.7991,104.799
[client4] Published: 4,94.8991,104.899
[client4] Published: 4,94.9991,104.999
[client4] Published: 4,95.0991,105.099
[client4] Published: 4,95.1991,105.199
[client4] Published: 4,95.2991,105.299
[client4] Published: 4,95.3991,105.399
[client4] Published: 4,95.4991,105.499
[client4] Published: 4,95.5991,105.599
[client4] Published: 4,95.6991,105.699
[client4] Published: 4,95.7991,105.799
[client4] Published: 4,95.8991,105.899
[client4] Published: 4,95.9991,105.999
[client4] Published: 4,96.0991,106.099
[client4] Published: 4,96.1991,106.199
[client4] Published: 4,96.2991,106.299
[client4] Published: 4,96.3991,106.399
[client4] Published: 4,96.4991,106.499
[client4] Published: 4,96.5991,106.599
[client4] Published: 4,96.6991,106.699
[client4] Published: 4,96.7991,106.799
[client4] Published: 4,96.8991,106.899
[client4] Published: 4,96.9991,106.999
[client4] Published: 4,97.0991,107.099
[client4] Published: 4,97.1991,107.199
[client4] Published: 4,97.2991,107.299
[client4] Published: 4,97.3991,107.399
[client4] Published: 4,97.4991,107.499
[client4] Published: 4,97.5991,107.599
[client4] Published: 4,97.6991,107.699
[client4] Published: 4,97.7991,107.799
[client4] Published: 4,97.8991,107.899
[client4] Published: 4,97.9991,107.999
[client4] Published: 4,98.0991,108.099
[client4] Published: 4,98.1991,108.199
[client4] Published: 4,98.2991,108.299
[client4] Published: 4,98.3991,108.399
[client4] Published: 4,98.4991,108.499
[client4] Published: 4,98.5991,108.599
[client4] Published: 4,98.6991,108.699
[client4] Published: 4,98.799,108.799
[client4] Published: 4,98.899,108.899
[client4] Published: 4,98.999,108.999
[client4] Published: 4,99.099,109.099
[client4] Published: 4,99.199,109.199
[client4] Published: 4,99.299,109.299
[client4] Published: 4,99.399,109.399
[client4] Published: 4,99.499,109.499
[client4] Published: 4,99.599,109.599
[client4] Published: 4,99.699,109.699
[client4] Published: 4,99.799,109.799
[client4] Published: 4,99.899,109.899
[client4] Published: 4,99.999,109.999
[client4] Published: 4,100.099,110.099
[client4] Published: 4,100.199,110.199
[client4] Published: 4,100.299,110.299
[client4] Published: 4,100.399,110.399
