[client1] Starting up...
[client1] Connected to Redis.
[client1] Published: 1,11,21
[client1] Published: 1,11.1,21.1
[client1] Published: 1,11.2,21.2
[client1] Published: 1,11.3,21.3
[client1] Published: 1,11.4,21.4
[client1] Published: 1,11.5,21.5
[client1] Published: 1,11.6,21.6
[client1] Published: 1,11.7,21.7
[client1] Published: 1,11.8,21.8
[client1] Published: 1,11.9,21.9
[client1] Published: 1,12,22
[client1] Published: 1,12.1,22.1
[client1] Published: 1,12.2,22.2
[client1] Published: 1,12.3,22.3
[client1] Published: 1,12.4,22.4
[client1] Published: 1,12.5,22.5
[client1] Published: 1,12.6,22.6
[client1] Published: 1,12.7,22.7
[client1] Published: 1,12.8,22.8
