[client3] Starting up...
[client3] Connected to Redis.
[client3] Published: 3,13,23
[client3] Published: 3,13.1,23.1
[client3] Published: 3,13.2,23.2
[client3] Published: 3,13.3,23.3
[client3] Published: 3,13.4,23.4
[client3] Published: 3,13.5,23.5
[client3] Published: 3,13.6,23.6
[client3] Published: 3,13.7,23.7
[client3] Published: 3,13.8,23.8
[client3] Published: 3,13.9,23.9
[client3] Published: 3,14,24
[client3] Published: 3,14.1,24.1
[client3] Published: 3,14.2,24.2
[client3] Published: 3,14.3,24.3
[client3] Published: 3,14.4,24.4
[client3] Published: 3,14.5,24.5
[client3] Published: 3,14.6,24.6
[client3] Published: 3,14.7,24.7
[client3] Published: 3,14.8,24.8
[client3] Published: 3,14.9,24.9
[client3] Published: 3,15,25
[client3] Published: 3,15.1,25.1
[client3] Published: 3,15.2,25.2
[client3] Published: 3,15.3,25.3
[client3] Published: 3,15.4,25.4
[client3] Published: 3,15.5,25.5
[client3] Published: 3,15.6,25.6
[client3] Published: 3,15.7,25.7
[client3] Published: 3,15.8,25.8
[client3] Published: 3,15.9,25.9
[client3] Published: 3,16,26
[client3] Published: 3,16.1,26.1
[client3] Published: 3,16.2,26.2
[client3] Published: 3,16.3,26.3
[client3] Published: 3,16.4,26.4
[client3] Published: 3,16.5,26.5
[client3] Published: 3,16.6,26.6
[client3] Published: 3,16.7,26.7
[client3] Published: 3,16.8,26.8
[client3] Published: 3,16.9,26.9
[client3] Published: 3,17,27
[client3] Published: 3,17.1,27.1
[client3] Published: 3,17.2,27.2
[client3] Published: 3,17.3,27.3
[client3] Published: 3,17.4,27.4
[client3] Published: 3,17.5,27.5
[client3] Published: 3,17.6,27.6
[client3] Published: 3,17.7,27.7
[client3] Published: 3,17.8,27.8
[client3] Published: 3,17.9,27.9
[client3] Published: 3,18,28
[client3] Published: 3,18.1,28.1
[client3] Published: 3,18.2,28.2
[client3] Published: 3,18.3,28.3
[client3] Published: 3,18.4,28.4
[client3] Published: 3,18.5,28.5
[client3] Published: 3,18.6,28.6
[client3] Published: 3,18.7,28.7
[client3] Published: 3,18.8,28.8
[client3] Published: 3,18.9,28.9
[client3] Published: 3,19,29
[client3] Published: 3,19.1,29.1
[client3] Published: 3,19.2,29.2
[client3] Published: 3,19.3,29.3
[client3] Published: 3,19.4,29.4
[client3] Published: 3,19.5,29.5
[client3] Published: 3,19.6,29.6
[client3] Published: 3,19.7,29.7
[client3] Published: 3,19.8,29.8
[client3] Published: 3,19.9,29.9
[client3] Published: 3,20,30
[client3] Published: 3,20.1,30.1
[client3] Published: 3,20.2,30.2
[client3] Published: 3,20.3,30.3
[client3] Published: 3,20.4,30.4
[client3] Published: 3,20.5,30.5
[client3] Published: 3,20.6,30.6
[client3] Published: 3,20.7,30.7
[client3] Published: 3,20.8,30.8
[client3] Published: 3,20.9,30.9
[client3] Published: 3,21,31
[client3] Published: 3,21.1,31.1
[client3] Published: 3,21.2,31.2
[client3] Published: 3,21.3,31.3
[client3] Published: 3,21.4,31.4
[client3] Published: 3,21.5,31.5
[client3] Published: 3,21.6,31.6
[client3] Published: 3,21.7,31.7
[client3] Published: 3,21.8,31.8
[client3] Published: 3,21.9,31.9
[client3] Published: 3,22,32
[client3] Published: 3,22.1,32.1
[client3] Published: 3,22.2,32.2
[client3] Published: 3,22.3,32.3
[client3] Published: 3,22.4,32.4
[client3] Published: 3,22.5,32.5
[client3] Published: 3,22.6,32.6
[client3] Published: 3,22.7,32.7
[client3] Published: 3,22.8,32.8
[client3] Published: 3,22.9,32.9
[client3] Published: 3,23,33
[client3] Published: 3,23.1,33.1
[client3] Published: 3,23.2,33.2
[client3] Published: 3,23.3,33.3
[client3] Published: 3,23.4,33.4
[client3] Published: 3,23.5,33.5
[client3] Published: 3,23.6,33.6
[client3] Published: 3,23.7,33.7
[client3] Published: 3,23.8,33.8
[client3] Published: 3,23.9,33.9
[client3] Published: 3,24,34
[client3] Published: 3,24.1,34.1
[client3] Published: 3,24.2,34.2
[client3] Published: 3,24.3,34.3
[client3] Published: 3,24.4,34.4
[client3] Published: 3,24.5,34.5
[client3] Published: 3,24.6,34.6
[client3] Published: 3,24.7,34.7
[client3] Published: 3,24.8,34.8
[client3] Published: 3,24.9,34.9
[client3] Published: 3,25,35
[client3] Published: 3,25.1,35.1
[client3] Published: 3,25.2,35.2
[client3] Published: 3,25.3,35.3
[client3] Published: 3,25.4,35.4
[client3] Published: 3,25.5,35.5
[client3] Published: 3,25.6,35.6
[client3] Published: 3,25.7,35.7
[client3] Published: 3,25.8,35.8
[client3] Published: 3,25.9,35.9
[client3] Published: 3,26,36
[client3] Published: 3,26.1,36.1
[client3] Published: 3,26.2001,36.2
[client3] Published: 3,26.3001,36.3
[client3] Published: 3,26.4001,36.4
[client3] Published: 3,26.5001,36.5
[client3] Published: 3,26.6001,36.6
[client3] Published: 3,26.7001,36.7
[client3] Published: 3,26.8001,36.8
[client3] Published: 3,26.9001,36.9
[client3] Published: 3,27.0001,37
[client3] Published: 3,27.1001,37.1
[client3] Published: 3,27.2001,37.2
[client3] Published: 3,27.3001,37.3
[client3] Published: 3,27.4001,37.4
[client3] Published: 3,27.5001,37.5
[client3] Published: 3,27.6001,37.5999
[client3] Published: 3,27.7001,37.6999
[client3] Published: 3,27.8001,37.7999
[client3] Published: 3,27.9001,37.8999
[client3] Published: 3,28.0001,37.9999
[client3] Published: 3,28.1001,38.0999
[client3] Published: 3,28.2001,38.1999
[client3] Published: 3,28.3001,38.2999
[client3] Published: 3,28.4001,38.3999
[client3] Published: 3,28.5001,38.4999
[client3] Published: 3,28.6001,38.5999
[client3] Published: 3,28.7001,38.6999
[client3] Published: 3,28.8001,38.7999
[client3] Published: 3,28.9001,38.8999
[client3] Published: 3,29.0001,38.9999
[client3] Published: 3,29.1001,39.0999
[client3] Published: 3,29.2001,39.1999
[client3] Published: 3,29.3001,39.2999
[client3] Published: 3,29.4001,39.3999
[client3] Published: 3,29.5001,39.4999
[client3] Published: 3,29.6001,39.5999
[client3] Published: 3,29.7001,39.6999
[client3] Published: 3,29.8001,39.7999
[client3] Published: 3,29.9001,39.8999
[client3] Published: 3,30.0001,39.9999
[client3] Published: 3,30.1001,40.0999
[client3] Published: 3,30.2001,40.1999
[client3] Published: 3,30.3001,40.2999
[client3] Published: 3,30.4001,40.3999
[client3] Published: 3,30.5001,40.4999
[client3] Published: 3,30.6001,40.5999
[client3] Published: 3,30.7001,40.6999
[client3] Published: 3,30.8001,40.7999
[client3] Published: 3,30.9001,40.8999
[client3] Published: 3,31.0001,40.9999
[client3] Published: 3,31.1001,41.0999
[client3] Published: 3,31.2001,41.1999
[client3] Published: 3,31.3001,41.2999
[client3] Published: 3,31.4001,41.3999
[client3] Published: 3,31.5001,41.4999
[client3] Published: 3,31.6001,41.5999
[client3] Published: 3,31.7001,41.6999
[client3] Published: 3,31.8001,41.7999
[client3] Published: 3,31.9001,41.8999
[client3] Published: 3,32.0001,41.9999
[client3] Published: 3,32.1001,42.0999
[client3] Published: 3,32.2001,42.1999
[client3] Published: 3,32.3001,42.2999
[client3] Published: 3,32.4001,42.3999
[client3] Published: 3,32.5001,42.4999
[client3] Published: 3,32.6001,42.5999
[client3] Published: 3,32.7001,42.6999
[client3] Published: 3,32.8001,42.7999
[client3] Published: 3,32.9001,42.8999
[client3] Published: 3,33.0001,42.9999
[client3] Published: 3,33.1001,43.0999
[client3] Published: 3,33.2001,43.1999
[client3] Published: 3,33.3001,43.2999
[client3] Published: 3,33.4001,43.3999
[client3] Published: 3,33.5,43.4999
[client3] Published: 3,33.6,43.5999
[client3] Published: 3,33.7,43.6999
[client3] Published: 3,33.8,43.7999
[client3] Published: 3,33.9,43.8999
[client3] Published: 3,34,43.9999
[client3] Published: 3,34.1,44.0998
[client3] Published: 3,34.2,44.1998
[client3] Published: 3,34.3,44.2998
[client3] Published: 3,34.4,44.3998
[client3] Published: 3,34.5,44.4998
[client3] Published: 3,34.6,44.5998
[client3] Published: 3,34.7,44.6998
[client3] Published: 3,34.8,44.7998
[client3] Published: 3,34.9,44.8998
[client3] Published: 3,35,44.9998
[client3] Published: 3,35.1,45.0998
[client3] Published: 3,35.2,45.1998
[client3] Published: 3,35.3,45.2998
[client3] Published: 3,35.4,45.3998
[client3] Published: 3,35.5,45.4998
[client3] Published: 3,35.6,45.5998
[client3] Published: 3,35.7,45.6998
[client3] Published: 3,35.8,45.7998
[client3] Published: 3,35.9,45.8998
[client3] Published: 3,36,45.9998
[client3] Published: 3,36.1,46.0998
[client3] Published: 3,36.2,46.1998
[client3] Published: 3,36.3,46.2998
[client3] Published: 3,36.4,46.3998
[client3] Published: 3,36.5,46.4998
[client3] Published: 3,36.6,46.5998
[client3] Published: 3,36.7,46.6998
[client3] Published: 3,36.8,46.7998
[client3] Published: 3,36.9,46.8998
[client3] Published: 3,37,46.9998
[client3] Published: 3,37.1,47.0998
[client3] Published: 3,37.2,47.1998
[client3] Published: 3,37.3,47.2998
[client3] Published: 3,37.4,47.3998
[client3] Published: 3,37.5,47.4998
[client3] Published: 3,37.6,47.5998
[client3] Published: 3,37.7,47.6998
[client3] Published: 3,37.8,47.7998
[client3] Published: 3,37.9,47.8998
[client3] Published: 3,38,47.9998
[client3] Published: 3,38.1,48.0998
[client3] Published: 3,38.2,48.1998
[client3] Published: 3,38.3,48.2998
[client3] Published: 3,38.4,48.3998
[client3] Published: 3,38.5,48.4998
[client3] Published: 3,38.6,48.5998
[client3] Published: 3,38.7,48.6998
[client3] Published: 3,38.8,48.7998
[client3] Published: 3,38.9,48.8998
[client3] Published: 3,39,48.9998
[client3] Published: 3,39.1,49.0998
[client3] Published: 3,39.2,49.1998
[client3] Published: 3,39.3,49.2998
[client3] Published: 3,39.4,49.3998
[client3] Published: 3,39.5,49.4998
[client3] Published: 3,39.6,49.5998
[client3] Published: 3,39.7,49.6998
[client3] Published: 3,39.8,49.7998
[client3] Published: 3,39.9,49.8998
[client3] Published: 3,40,49.9998
[client3] Published: 3,40.0999,50.0998
[client3] Published: 3,40.1999,50.1998
[client3] Published: 3,40.2999,50.2998
[client3] Published: 3,40.3999,50.3998
[client3] Published: 3,40.4999,50.4998
[client3] Published: 3,40.5999,50.5998
[client3] Published: 3,40.6999,50.6997
[client3] Published: 3,40.7999,50.7997
[client3] Published: 3,40.8999,50.8997
[client3] Published: 3,40.9999,50.9997
[client3] Published: 3,41.0999,51.0997
[client3] Published: 3,41.1999,51.1997
[client3] Published: 3,41.2999,51.2997
[client3] Published: 3,41.3999,51.3997
[client3] Published: 3,41.4999,51.4997
[client3] Published: 3,41.5999,51.5997
[client3] Published: 3,41.6999,51.6997
[client3] Published: 3,41.7999,51.7997
[client3] Published: 3,41.8999,51.8997
[client3] Published: 3,41.9999,51.9997
[client3] Published: 3,42.0999,52.0997
[client3] Published: 3,42.1999,52.1997
[client3] Published: 3,42.2999,52.2997
[client3] Published: 3,42.3999,52.3997
[client3] Published: 3,42.4999,52.4997
[client3] Published: 3,42.5999,52.5997
[client3] Published: 3,42.6999,52.6997
[client3] Published: 3,42.7999,52.7997
[client3] Published: 3,42.8999,52.8997
[client3] Published: 3,42.9999,52.9997
[client3] Published: 3,43.0999,53.0997
[client3] Published: 3,43.1999,53.1997
[client3] Published: 3,43.2999,53.2997
[client3] Published: 3,43.3999,53.3997
[client3] Published: 3,43.4999,53.4997
[client3] Published: 3,43.5999,53.5997
[client3] Published: 3,43.6999,53.6997
[client3] Published: 3,43.7999,53.7997
[client3] Published: 3,43.8999,53.8997
[client3] Published: 3,43.9999,53.9997
[client3] Published: 3,44.0999,54.0997
[client3] Published: 3,44.1999,54.1997
[client3] Published: 3,44.2999,54.2997
[client3] Published: 3,44.3999,54.3997
[client3] Published: 3,44.4999,54.4997
[client3] Published: 3,44.5999,54.5997
[client3] Published: 3,44.6999,54.6997
[client3] Published: 3,44.7999,54.7997
[client3] Published: 3,44.8999,54.8997
[client3] Published: 3,44.9999,54.9997
[client3] Published: 3,45.0999,55.0997
[client3] Published: 3,45.1999,55.1997
[client3] Published: 3,45.2999,55.2997
[client3] Published: 3,45.3999,55.3997
[client3] Published: 3,45.4999,55.4997
[client3] Published: 3,45.5999,55.5997
[client3] Published: 3,45.6999,55.6997
[client3] Published: 3,45.7999,55.7997
[client3] Published: 3,45.8999,55.8997
[client3] Published: 3,45.9999,55.9997
[client3] Published: 3,46.0999,56.0997
[client3] Published: 3,46.1999,56.1997
[client3] Published: 3,46.2999,56.2997
[client3] Published: 3,46.3999,56.3997
[client3] Published: 3,46.4999,56.4997
[client3] Published: 3,46.5998,56.5997
[client3] Published: 3,46.6998,56.6997
[client3] Published: 3,46.7998,56.7997
[client3] Published: 3,46.8998,56.8997
[client3] Published: 3,46.9998,56.9997
[client3] Published: 3,47.0998,57.0997
[client3] Published: 3,47.1998,57.1996
[client3] Published: 3,47.2998,57.2996
[client3] Published: 3,47.3998,57.3996
[client3] Published: 3,47.4998,57.4996
[client3] Published: 3,47.5998,57.5996
[client3] Published: 3,47.6998,57.6996
[client3] Published: 3,47.7998,57.7996
[client3] Published: 3,47.8998,57.8996
[client3] Published: 3,47.9998,57.9996
[client3] Published: 3,48.0998,58.0996
[client3] Published: 3,48.1998,58.1996
[client3] Published: 3,48.2998,58.2996
[client3] Published: 3,48.3998,58.3996
[client3] Published: 3,48.4998,58.4996
[client3] Published: 3,48.5998,58.5996
[client3] Published: 3,48.6998,58.6996
[client3] Published: 3,48.7998,58.7996
[client3] Published: 3,48.8998,58.8996
[client3] Published: 3,48.9998,58.9996
[client3] Published: 3,49.0998,59.0996
[client3] Published: 3,49.1998,59.1996
[client3] Published: 3,49.2998,59.2996
[client3] Published: 3,49.3998,59.3996
[client3] Published: 3,49.4998,59.4996
[client3] Published: 3,49.5998,59.5996
[client3] Published: 3,49.6998,59.6996
[client3] Published: 3,49.7998,59.7996
[client3] Published: 3,49.8998,59.8996
[client3] Published: 3,49.9998,59.9996
[client3] Published: 3,50.0998,60.0996
[client3] Published: 3,50.1998,60.1996
[client3] Published: 3,50.2998,60.2996
[client3] Published: 3,50.3998,60.3996
[client3] Published: 3,50.4998,60.4996
[client3] Published: 3,50.5998,60.5996
[client3] Published: 3,50.6998,60.6996
[client3] Published: 3,50.7998,60.7996
[client3] Published: 3,50.8998,60.8996
[client3] Published: 3,50.9998,60.9996
[client3] Published: 3,51.0998,61.0996
[client3] Published: 3,51.1998,61.1996
[client3] Published: 3,51.2998,61.2996
[client3] Published: 3,51.3998,61.3996
[client3] Published: 3,51.4998,61.4996
[client3] Published: 3,51.5998,61.5996
[client3] Published: 3,51.6998,61.6996
[client3] Published: 3,51.7998,61.7996
[client3] Published: 3,51.8998,61.8996
[client3] Published: 3,51.9998,61.9996
[client3] Published: 3,52.0998,62.0996
[client3] Published: 3,52.1998,62.1996
[client3] Published: 3,52.2998,62.2996
[client3] Published: 3,52.3998,62.3996
[client3] Published: 3,52.4998,62.4996
[client3] Published: 3,52.5998,62.5996
[client3] Published: 3,52.6998,62.6996
[client3] Published: 3,52.7998,62.7996
[client3] Published: 3,52.8998,62.8996
[client3] Published: 3,52.9998,62.9996
[client3] Published: 3,53.0998,63.0996
[client3] Published: 3,53.1997,63.1996
[client3] Published: 3,53.2997,63.2996
[client3] Published: 3,53.3997,63.3996
[client3] Published: 3,53.4997,63.4996
[client3] Published: 3,53.5997,63.5996
[client3] Published: 3,53.6997,63.6996
[client3] Published: 3,53.7997,63.7995
[client3] Published: 3,53.8997,63.8995
[client3] Published: 3,53.9997,63.9995
[client3] Published: 3,54.0997,64.0995
[client3] Published: 3,54.1997,64.1995
[client3] Published: 3,54.2997,64.2995
[client3] Published: 3,54.3997,64.3995
[client3] Published: 3,54.4997,64.4995
[client3] Published: 3,54.5997,64.5995
[client3] Published: 3,54.6997,64.6995
[client3] Published: 3,54.7997,64.7995
[client3] Published: 3,54.8997,64.8995
[client3] Published: 3,54.9997,64.9995
[client3] Published: 3,55.0997,65.0995
[client3] Published: 3,55.1997,65.1995
[client3] Published: 3,55.2997,65.2995
[client3] Published: 3,55.3997,65.3995
[client3] Published: 3,55.4997,65.4995
[client3] Published: 3,55.5997,65.5995
[client3] Published: 3,55.6997,65.6995
[client3] Published: 3,55.7997,65.7995
[client3] Published: 3,55.8997,65.8995
[client3] Published: 3,55.9997,65.9995
[client3] Published: 3,56.0997,66.0995
[client3] Published: 3,56.1997,66.1995
[client3] Published: 3,56.2997,66.2995
[client3] Published: 3,56.3997,66.3995
[client3] Published: 3,56.4997,66.4995
[client3] Published: 3,56.5997,66.5995
[client3] Published: 3,56.6997,66.6995
[client3] Published: 3,56.7997,66.7995
[client3] Published: 3,56.8997,66.8995
[client3] Published: 3,56.9997,66.9995
[client3] Published: 3,57.0997,67.0995
[client3] Published: 3,57.1997,67.1995
[client3] Published: 3,57.2997,67.2995
[client3] Published: 3,57.3997,67.3995
[client3] Published: 3,57.4997,67.4995
[client3] Published: 3,57.5997,67.5995
[client3] Published: 3,57.6997,67.6995
[client3] Published: 3,57.7997,67.7995
[client3] Published: 3,57.8997,67.8995
[client3] Published: 3,57.9997,67.9995
[client3] Published: 3,58.0997,68.0995
[client3] Published: 3,58.1997,68.1995
[client3] Published: 3,58.2997,68.2995
[client3] Published: 3,58.3997,68.3995
[client3] Published: 3,58.4997,68.4995
[client3] Published: 3,58.5997,68.5995
[client3] Published: 3,58.6997,68.6995
[client3] Published: 3,58.7997,68.7995
[client3] Published: 3,58.8997,68.8995
[client3] Published: 3,58.9997,68.9995
[client3] Published: 3,59.0997,69.0995
[client3] Published: 3,59.1997,69.1995
[client3] Published: 3,59.2997,69.2995
[client3] Published: 3,59.3997,69.3995
[client3] Published: 3,59.4997,69.4995
[client3] Published: 3,59.5997,69.5995
[client3] Published: 3,59.6996,69.6995
[client3] Published: 3,59.7996,69.7995
[client3] Published: 3,59.8996,69.8995
[client3] Published: 3,59.9996,69.9995
[client3] Published: 3,60.0996,70.0995
[client3] Published: 3,60.1996,70.1995
[client3] Published: 3,60.2996,70.2995
[client3] Published: 3,60.3996,70.3995
[client3] Published: 3,60.4996,70.4995
[client3] Published: 3,60.5996,70.5994
[client3] Published: 3,60.6996,70.6994
[client3] Published: 3,60.7996,70.7994
[client3] Published: 3,60.8996,70.8994
[client3] Published: 3,60.9996,70.9994
[client3] Published: 3,61.0996,71.0994
[client3] Published: 3,61.1996,71.1994
[client3] Published: 3,61.2996,71.2994
[client3] Published: 3,61.3996,71.3994
[client3] Published: 3,61.4996,71.4994
[client3] Published: 3,61.5996,71.5994
[client3] Published: 3,61.6996,71.6994
[client3] Published: 3,61.7996,71.7994
[client3] Published: 3,61.8996,71.8994
[client3] Published: 3,61.9996,71.9994
[client3] Published: 3,62.0996,72.0994
[client3] Published: 3,62.1996,72.1994
[client3] Published: 3,62.2996,72.2994
[client3] Published: 3,62.3996,72.3994
[client3] Published: 3,62.4996,72.4994
[client3] Published: 3,62.5996,72.5994
[client3] Published: 3,62.6996,72.6994
[client3] Published: 3,62.7996,72.7994
[client3] Published: 3,62.8996,72.8994
[client3] Published: 3,62.9996,72.9994
[client3] Published: 3,63.0996,73.0994
[client3] Published: 3,63.1996,73.1994
[client3] Published: 3,63.2996,73.2994
[client3] Published: 3,63.3996,73.3994
[client3] Published: 3,63.4996,73.4994
[client3] Published: 3,63.5996,73.5994
[client3] Published: 3,63.6996,73.6994
[client3] Published: 3,63.7996,73.7994
[client3] Published: 3,63.8996,73.8994
[client3] Published: 3,63.9996,73.9994
[client3] Published: 3,64.0996,74.0994
[client3] Published: 3,64.1996,74.1994
[client3] Published: 3,64.2996,74.2994
[client3] Published: 3,64.3996,74.3994
[client3] Published: 3,64.4996,74.4994
[client3] Published: 3,64.5996,74.5994
