[client2] Starting up...
[client2] Connected to Redis.
[client2] Published: 2,12,22
[client2] Published: 2,12.1,22.1
[client2] Published: 2,12.2,22.2
[client2] Published: 2,12.3,22.3
[client2] Published: 2,12.4,22.4
[client2] Published: 2,12.5,22.5
[client2] Published: 2,12.6,22.6
[client2] Published: 2,12.7,22.7
[client2] Published: 2,12.8,22.8
[client2] Published: 2,12.9,22.9
[client2] Published: 2,13,23
[client2] Published: 2,13.1,23.1
[client2] Published: 2,13.2,23.2
[client2] Published: 2,13.3,23.3
[client2] Published: 2,13.4,23.4
[client2] Published: 2,13.5,23.5
[client2] Published: 2,13.6,23.6
[client2] Published: 2,13.7,23.7
[client2] Published: 2,13.8,23.8
