
                 +---------------------------------------+
                 |                                       |
                 |                   +-----+             |
                 |                   | n1  |             |
                 |                   +-----+             |
                 |                     |                 |
                 |                     |                 |
                 |                     v                 |
                 |       +-----+     +-----+             |
                 |       | n11 | <-- | n10 |             |
                 |       +-----+     +-----+             |
                 |         |           |                 |
                 |         |           |                 |
                 |         v           v                 |
                 |       +-----+     +-----+     +----+  |
                 |       | n12 |     | n6  | --> | n6 |  |
                 |       +-----+     +-----+     +----+  |
                 |         |           |                 |
                 |         |           |                 |
                 v         v           v                 |
     +-------------+     +-----+     +-----+             |
     |             | <-- | n13 |     | n4  | <+          |
     |             |     +-----+     +-----+  |          |
     |             |                   |      |          |
     |     n13     |                   |      |          |
     |             |                   v      |          |
     |             |                 +-----+  |          |
  +> |             |                 | n5  |  |          |
  |  +-------------+                 +-----+  |          |
  |    ^         ^                     |      |          |
  |    |         |                     |      |          |
  |    |         |                     v      |          |
  |    |         |                   +-----+  |          |
  |    |    +----+-----------------> | n5  |  |          |
  |    |    |    |                   +-----+  |          |
  |    |    |    |                   +-----+  |          |
  |    |    |    |                   | n28 |  |          |
  |    |    |    |                   +-----+  |          |
  |    |    |    |                     |      |          |
  |    |    |    |                     |      |          |
  |    |    |    |                     v      |          |
  |    |    |    |                   +-----+  |          |
  |    |    |    +------------------ | n13 |  |          |
  |    |    |                        +-----+  |          |
  |    |    |                        +-----+  |          |
  |    |    |                        | n7  |  |          |
  |    |    |                        +-----+  |          |
  |    |    |                          |      |          |
  |    |    |                          |      |          |
  |    |    |                          v      |          |
  |    |    |                        +-----+  |          |
  |    |    |                        | n3  | -+          |
  |    |    |                        +-----+             |
  |    |    |                          |                 |
  |    |    |                          |                 |
  |    |    |                          v                 |
  |    |    |                        +-----+             |
  |    |    |                        | n9  |             |
  |    |    |                        +-----+             |
  |    |    |                          |                 |
  |    |    |                          |                 |
  |    |    |                          v                 |
  |    |    |                        +-----+             |
  |    |    +----------------------- | n5  |             |
  |    |                             +-----+             |
  |    |                             +-----+             |
  |    |                             | n15 |             |
  |    |                             +-----+             |
  |    |                               |                 |
  |    |                               |                 |
  |    |                               v                 |
  |    |                             +-----+             |
  |    |                             | n16 |             |
  |    |                             +-----+             |
  |    |                               |                 |
  |    |                               |                 |
  |    |                               v                 |
  |    |                 +-----+     +-----+             |
  |    |                 | n16 | --> | n17 |             |
  |    |                 +-----+     +-----+             |
  |    |                               |                 |
  |    |                               |                 |
  |    |                               v                 |
  |    |                             +-----+             |
  |    +---------------------------- | n13 |             |
  |                                  +-----+             |
  |                                  +-----+             |
  |                                  | n20 |             |
  |                                  +-----+             |
  |                                    |                 |
  |                                    |                 |
  |                                    v                 |
  |                                  +-----+             |
  |                                  | n21 |             |
  |                                  +-----+             |
  |                                    |                 |
  |                                    |                 |
  |                                    v                 |
  |                                  +-----+             |
  |                               +> | n13 | ------------+
  |                               |  +-----+
  |                               |  +-----+
  |                               |  | n23 |
  |                               |  +-----+
  |                               |    |
  |                               |    |
  |                               |    v
  |                               |  +-----+
  |                               +- | n21 |
  |                                  +-----+
  |                                  +-----+
  |                                  | n25 |
  |                                  +-----+
  |                                    |
  |                                    |
  |                                    v
  |                                  +-----+
  |                                  | n26 |
  |                                  +-----+
  |                                    |
  |                                    |
  |                                    v
  |                                  +-----+
  +--------------------------------- | n13 |
                                     +-----+
                                     +-----+
                                     | n33 |
                                     +-----+
                                       |
                                       |
                                       v
                                     +-----+
                                     | n34 |
                                     +-----+
                                       |
                                       |
                                       v
                                     +-----+
                                     | n35 |
                                     +-----+
                                       |
                                       |
                                       v
                                     +-----+
                                     | n35 |
                                     +-----+
                                     +-----+
                                     | n30 |
                                     +-----+
                                       |
                                       |
                                       v
                                     +-----+
                                     | n31 |
                                     +-----+
                                       |
                                       |
                                       v
                                     +-----+
                                     | n31 |
                                     +-----+
                                     +-----+
                                     | n40 |
                                     +-----+
                                       |
                                       |
                                       v
                         +-----+     +-----+
                         | n40 | --> | n40 |
                         +-----+     +-----+
                                       ^
                                       |
                                       |
                                     +-----+
                                     | n40 |
                                     +-----+
                                       |
                                       |
                                       v
                                     +-----+
                                     | n39 |
                                     +-----+
